<?xml version="1.0" encoding="UTF-8"?>
<!-- Generated by org.testng.reporters.JUnitReportReporter -->
<testsuite hostname="LAPTOP-RB3BMFJT" failures="0" tests="1" name="com.nostra.demo.nostra.HomePageTest" time="3.274" errors="0" timestamp="2021-11-05T09:39:01 WIB" skipped="0">
  <testcase classname="com.nostra.demo.nostra.HomePageTest" name="clickAboutUsTest" time="3.274"/>
  <system-out/>
</testsuite> <!-- com.nostra.demo.nostra.HomePageTest -->
